21:41:54.332 [MainThread] INFO    thonny: Thonny version: 4.1.4
21:41:54.332 [MainThread] INFO    thonny: cwd: /home/abhiramk
21:41:54.333 [MainThread] INFO    thonny: original argv: ['/usr/bin/python3', '/usr/bin/thonny']
21:41:54.333 [MainThread] INFO    thonny: sys.executable: /usr/bin/python3
21:41:54.333 [MainThread] INFO    thonny: sys.argv: ['/usr/bin/thonny']
21:41:54.333 [MainThread] INFO    thonny: sys.path: ['/usr/bin', '/usr/lib/python311.zip', '/usr/lib/python3.11', '/usr/lib/python3.11/lib-dynload', '/usr/local/lib/python3.11/dist-packages', '/usr/lib/python3/dist-packages', '/usr/lib/python3.11/dist-packages']
21:41:54.333 [MainThread] INFO    thonny: sys.flags: sys.flags(debug=0, inspect=0, interactive=0, optimize=0, dont_write_bytecode=0, no_user_site=0, no_site=0, ignore_environment=0, verbose=0, bytes_warning=0, quiet=0, hash_randomization=1, isolated=0, dev_mode=False, utf8_mode=0, warn_default_encoding=0, safe_path=False, int_max_str_digits=-1)
21:41:54.434 [MainThread] INFO    thonny.workbench: Starting Workbench
21:41:55.673 [MainThread] INFO    thonny.workbench: Creating runner
21:41:55.679 [MainThread] INFO    thonny.workbench: Start loading plugins
21:41:55.766 [MainThread] INFO    thonny.workbench: Done loading plugins
21:41:55.775 [MainThread] WARNING thonny.workbench: Could not find UI theme 'clam', switching to default
21:41:55.867 [MainThread] INFO    thonny.workbench: Opening views
21:41:56.053 [MainThread] INFO    thonny.plugins.cpython_frontend.cp_front: Creating LocalCPythonProxy
21:41:56.053 [MainThread] INFO    thonny.running: Starting the backend: ['/usr/bin/python3', '-u', '-B', '/usr/lib/python3/dist-packages/thonny/plugins/cpython_backend/cp_launcher.py', '/home/abhiramk', "{'run.warn_module_shadowing': True}"] /home/abhiramk
21:42:50.144 [MainThread] INFO    thonny: TIME/MODS 55.813 Before Run (+137 modules)
21:42:50.144 [MainThread] INFO    thonny: NEW MODS ['_blake2', '_hashlib', '_heapq', '_posixsubprocess', '_queue', '_ssl', '_tkinter', 'configparser', 'email.feedparser', 'email.parser', 'encodings.ascii', 'faulthandler', 'fcntl', 'gettext', 'hashlib', 'heapq', 'http', 'http.client', 'pkgutil', 'platform', 'queue', 'runpy', 'shlex', 'signal', 'ssl', 'subprocess', 'thonny.assistance', 'thonny.ast_utils', 'thonny.backend', 'thonny.base_file_browser', 'thonny.codeview', 'thonny.config', 'thonny.config_ui', 'thonny.editor_helpers', 'thonny.editors', 'thonny.languages', 'thonny.memory', 'thonny.misc_utils', 'thonny.plugins', 'thonny.plugins.about', 'thonny.plugins.assistant_config_page', 'thonny.plugins.ast_view', 'thonny.plugins.autocomplete', 'thonny.plugins.backend', 'thonny.plugins.backend_config_page', 'thonny.plugins.base_syntax_themes', 'thonny.plugins.base_ui_themes', 'thonny.plugins.birdseye_frontend', 'thonny.plugins.calltip', 'thonny.plugins.cells', 'thonny.plugins.circuitpython', 'thonny.plugins.circuitpython.cirpy_front', 'thonny.plugins.clean_ui_themes', 'thonny.plugins.coloring', 'thonny.plugins.commenting_indenting', 'thonny.plugins.common_editing_commands', 'thonny.plugins.cpython_backend', 'thonny.plugins.cpython_backend.cp_back', 'thonny.plugins.cpython_frontend', 'thonny.plugins.cpython_frontend.cp_front', 'thonny.plugins.cpython_ssh', 'thonny.plugins.cpython_ssh.cps_front', 'thonny.plugins.debugger', 'thonny.plugins.dock_user_windows_frontend', 'thonny.plugins.editor_config_page', 'thonny.plugins.esp', 'thonny.plugins.ev3', 'thonny.plugins.event_logging', 'thonny.plugins.event_view', 'thonny.plugins.files', 'thonny.plugins.find_replace', 'thonny.plugins.general_config_page', 'thonny.plugins.goto_definition', 'thonny.plugins.heap', 'thonny.plugins.help', 'thonny.plugins.highlight_names', 'thonny.plugins.locals_marker', 'thonny.plugins.microbit', 'thonny.plugins.micropython', 'thonny.plugins.micropython.base_flashing_dialog', 'thonny.plugins.micropython.esptool_dialog', 'thonny.plugins.micropython.mp_common', 'thonny.plugins.micropython.mp_front', 'thonny.plugins.micropython.uf2dialog', 'thonny.plugins.misc_analyzers', 'thonny.plugins.mypy', 'thonny.plugins.notes', 'thonny.plugins.object_inspector', 'thonny.plugins.outline', 'thonny.plugins.paren_matcher', 'thonny.plugins.pgzero_frontend', 'thonny.plugins.pi', 'thonny.plugins.pip_gui', 'thonny.plugins.prime_inventor', 'thonny.plugins.printing', 'thonny.plugins.pylint', 'thonny.plugins.pylint.messages', 'thonny.plugins.pythontutor', 'thonny.plugins.remove_old_data_dir', 'thonny.plugins.replayer', 'thonny.plugins.rp2040', 'thonny.plugins.rpi_pico', 'thonny.plugins.run_debug_config_page', 'thonny.plugins.shell_config_page', 'thonny.plugins.shell_macro', 'thonny.plugins.statement_boxes', 'thonny.plugins.stdlib_error_helpers', 'thonny.plugins.system_shell', 'thonny.plugins.terminal_config_page', 'thonny.plugins.theme_and_font_config_page', 'thonny.plugins.thonny_folders', 'thonny.plugins.todo_view', 'thonny.plugins.tomorrow_syntax_theme', 'thonny.plugins.variables', 'thonny.roughparse', 'thonny.rst_utils', 'thonny.running', 'thonny.shell', 'thonny.terminal', 'thonny.tktextext', 'thonny.token_utils', 'thonny.ui_utils', 'thonny.workbench', 'thonny.workdlg', 'tkinter', 'tkinter.commondialog', 'tkinter.constants', 'tkinter.dialog', 'tkinter.filedialog', 'tkinter.font', 'tkinter.messagebox', 'tkinter.simpledialog', 'tkinter.ttk', 'urllib.error', 'urllib.request', 'urllib.response', 'webbrowser']
21:42:50.148 [MainThread] INFO    thonny.running: Killing backend process
21:42:50.148 [MainThread] INFO    thonny.running: Starting the backend: ['/usr/bin/python3', '-u', '-B', '/usr/lib/python3/dist-packages/thonny/plugins/cpython_backend/cp_launcher.py', '/home/abhiramk', "{'run.warn_module_shadowing': True}"] /home/abhiramk
21:42:50.151 [Thread-2 (_listen_stdout)] INFO    thonny.running: Reader got EOF
21:42:50.232 [MainThread] INFO    thonny.running: Prepared clean state for executing ToplevelCommand(args=['-c'], args_str='-c $EDITOR_CONTENT', cmd_line='%Run -c $EDITOR_CONTENT', tty_mode=True, source='user_input = input("What is your name:")\n', name='Run', argv=[], id='cmd_27', local_cwd='/home/abhiramk')
21:42:50.234 [MainThread] INFO    thonny: TIME/MODS 0.090 After Run 
21:42:57.974 [MainThread] INFO    thonny.running: Killing backend process
21:42:57.974 [MainThread] INFO    thonny.shell: BaseShellText._on_backend_terminated
21:42:57.975 [Thread-4 (_listen_stdout)] INFO    thonny.running: Reader got EOF
21:42:57.995 [MainThread] INFO    thonny.plugins.cpython_frontend.cp_front: Creating LocalCPythonProxy
21:42:57.995 [MainThread] INFO    thonny.running: Starting the backend: ['/usr/bin/python3', '-u', '-B', '/usr/lib/python3/dist-packages/thonny/plugins/cpython_backend/cp_launcher.py', '/home/abhiramk', "{'run.warn_module_shadowing': True}"] /home/abhiramk
21:42:58.064 [MainThread] INFO    thonny.shell: BaseShellText.restart(False)
21:43:51.114 [MainThread] INFO    thonny: TIME/MODS 60.880 Before Run 
21:43:51.118 [MainThread] INFO    thonny.running: Killing backend process
21:43:51.118 [MainThread] INFO    thonny.running: Starting the backend: ['/usr/bin/python3', '-u', '-B', '/usr/lib/python3/dist-packages/thonny/plugins/cpython_backend/cp_launcher.py', '/home/abhiramk', "{'run.warn_module_shadowing': True}"] /home/abhiramk
21:43:51.119 [Thread-6 (_listen_stdout)] INFO    thonny.running: Reader got EOF
21:43:51.213 [MainThread] INFO    thonny.running: Prepared clean state for executing ToplevelCommand(args=['-c'], args_str='-c $EDITOR_CONTENT', cmd_line='%Run -c $EDITOR_CONTENT', tty_mode=True, source='user_input = input("What is your name:")\nwhile user_input == "abhiram":\n    print(10)', name='Run', argv=[], id='cmd_56', local_cwd='/home/abhiramk')
21:43:51.214 [MainThread] INFO    thonny: TIME/MODS 0.100 After Run 
21:44:30.698 [MainThread] INFO    thonny.running: Killing backend process
21:44:30.699 [MainThread] INFO    thonny.shell: BaseShellText._on_backend_terminated
21:44:30.714 [MainThread] INFO    thonny.plugins.cpython_frontend.cp_front: Creating LocalCPythonProxy
21:44:30.714 [MainThread] INFO    thonny.running: Starting the backend: ['/usr/bin/python3', '-u', '-B', '/usr/lib/python3/dist-packages/thonny/plugins/cpython_backend/cp_launcher.py', '/home/abhiramk', "{'run.warn_module_shadowing': True}"] /home/abhiramk
21:44:30.768 [MainThread] INFO    thonny.shell: BaseShellText.restart(False)
21:53:26.110 [MainThread] INFO    thonny: TIME/MODS 574.896 Before Run 
21:53:26.115 [MainThread] INFO    thonny.running: Killing backend process
21:53:26.115 [MainThread] INFO    thonny.running: Starting the backend: ['/usr/bin/python3', '-u', '-B', '/usr/lib/python3/dist-packages/thonny/plugins/cpython_backend/cp_launcher.py', '/home/abhiramk', "{'run.warn_module_shadowing': True}"] /home/abhiramk
21:53:26.119 [Thread-10 (_listen_stdout)] INFO    thonny.running: Reader got EOF
21:53:26.202 [MainThread] INFO    thonny.running: Prepared clean state for executing ToplevelCommand(args=['-c'], args_str='-c $EDITOR_CONTENT', cmd_line='%Run -c $EDITOR_CONTENT', tty_mode=True, source='SENTINEL = 1\nuser_input = input("what number:")\nwhile user_input != SENTINEL:\n    user_input = input("what number:")', name='Run', argv=[], id='cmd_114', local_cwd='/home/abhiramk')
21:53:26.204 [MainThread] INFO    thonny: TIME/MODS 0.094 After Run 
21:54:01.948 [MainThread] INFO    thonny.running: Killing backend process
21:54:01.948 [MainThread] INFO    thonny.shell: BaseShellText._on_backend_terminated
21:54:01.951 [Thread-12 (_listen_stdout)] INFO    thonny.running: Reader got EOF
21:54:01.970 [MainThread] INFO    thonny.plugins.cpython_frontend.cp_front: Creating LocalCPythonProxy
21:54:01.971 [MainThread] INFO    thonny.running: Starting the backend: ['/usr/bin/python3', '-u', '-B', '/usr/lib/python3/dist-packages/thonny/plugins/cpython_backend/cp_launcher.py', '/home/abhiramk', "{'run.warn_module_shadowing': True}"] /home/abhiramk
21:54:02.045 [MainThread] INFO    thonny.shell: BaseShellText.restart(False)
21:54:03.014 [MainThread] INFO    thonny: TIME/MODS 36.810 Before Run 
21:54:03.017 [MainThread] INFO    thonny.running: Killing backend process
21:54:03.017 [MainThread] INFO    thonny.running: Starting the backend: ['/usr/bin/python3', '-u', '-B', '/usr/lib/python3/dist-packages/thonny/plugins/cpython_backend/cp_launcher.py', '/home/abhiramk', "{'run.warn_module_shadowing': True}"] /home/abhiramk
21:54:03.018 [Thread-14 (_listen_stdout)] INFO    thonny.running: Reader got EOF
21:54:03.068 [MainThread] INFO    thonny.running: Prepared clean state for executing ToplevelCommand(args=['-c'], args_str='-c $EDITOR_CONTENT', cmd_line='%Run -c $EDITOR_CONTENT', tty_mode=True, source='SENTINEL = 1\nuser_input = input("what number:")\nwhile user_input != SENTINEL:\n    SENTINEL = 1\n    user_input = input("what number:")', name='Run', argv=[], id='cmd_115', local_cwd='/home/abhiramk')
21:54:03.070 [MainThread] INFO    thonny: TIME/MODS 0.056 After Run 
21:54:08.398 [MainThread] INFO    thonny.running: Killing backend process
21:54:08.399 [MainThread] INFO    thonny.shell: BaseShellText._on_backend_terminated
21:54:08.399 [Thread-16 (_listen_stdout)] INFO    thonny.running: Reader got EOF
21:54:08.419 [MainThread] INFO    thonny.plugins.cpython_frontend.cp_front: Creating LocalCPythonProxy
21:54:08.420 [MainThread] INFO    thonny.running: Starting the backend: ['/usr/bin/python3', '-u', '-B', '/usr/lib/python3/dist-packages/thonny/plugins/cpython_backend/cp_launcher.py', '/home/abhiramk', "{'run.warn_module_shadowing': True}"] /home/abhiramk
21:54:08.489 [MainThread] INFO    thonny.shell: BaseShellText.restart(False)
21:54:38.844 [MainThread] INFO    thonny: TIME/MODS 35.774 Before Run 
21:54:38.848 [MainThread] INFO    thonny.running: Killing backend process
21:54:38.848 [MainThread] INFO    thonny.running: Starting the backend: ['/usr/bin/python3', '-u', '-B', '/usr/lib/python3/dist-packages/thonny/plugins/cpython_backend/cp_launcher.py', '/home/abhiramk', "{'run.warn_module_shadowing': True}"] /home/abhiramk
21:54:38.851 [Thread-18 (_listen_stdout)] INFO    thonny.running: Reader got EOF
21:54:38.934 [MainThread] INFO    thonny.running: Prepared clean state for executing ToplevelCommand(args=['-c'], args_str='-c $EDITOR_CONTENT', cmd_line='%Run -c $EDITOR_CONTENT', tty_mode=True, source='SENTINEL = 1\nuser_input = input("what number:")\nwhile user_input != SENTINEL:\n    user_input = input("what number:")\n    if user_input == SENTINEL:\n        break', name='Run', argv=[], id='cmd_130', local_cwd='/home/abhiramk')
21:54:38.936 [MainThread] INFO    thonny: TIME/MODS 0.092 After Run 
21:56:13.674 [MainThread] INFO    thonny.running: Killing backend process
21:56:13.674 [MainThread] INFO    thonny.shell: BaseShellText._on_backend_terminated
21:56:13.677 [Thread-20 (_listen_stdout)] INFO    thonny.running: Reader got EOF
21:56:13.695 [MainThread] INFO    thonny.plugins.cpython_frontend.cp_front: Creating LocalCPythonProxy
21:56:13.695 [MainThread] INFO    thonny.running: Starting the backend: ['/usr/bin/python3', '-u', '-B', '/usr/lib/python3/dist-packages/thonny/plugins/cpython_backend/cp_launcher.py', '/home/abhiramk', "{'run.warn_module_shadowing': True}"] /home/abhiramk
21:56:13.768 [MainThread] INFO    thonny.shell: BaseShellText.restart(False)
21:56:14.886 [MainThread] INFO    thonny: TIME/MODS 95.950 Before Run 
21:56:14.888 [MainThread] INFO    thonny.running: Killing backend process
21:56:14.889 [MainThread] INFO    thonny.running: Starting the backend: ['/usr/bin/python3', '-u', '-B', '/usr/lib/python3/dist-packages/thonny/plugins/cpython_backend/cp_launcher.py', '/home/abhiramk', "{'run.warn_module_shadowing': True}"] /home/abhiramk
21:56:14.889 [Thread-22 (_listen_stdout)] INFO    thonny.running: Reader got EOF
21:56:14.940 [MainThread] INFO    thonny.running: Prepared clean state for executing ToplevelCommand(args=['-c'], args_str='-c $EDITOR_CONTENT', cmd_line='%Run -c $EDITOR_CONTENT', tty_mode=True, source='SENTINEL = 1\nuser_input = input("what number:")\nwhile user_input != SENTINEL:\n    user_input = input("what number:")\n    if user_input == SENTINEL:\n        break', name='Run', argv=[], id='cmd_131', local_cwd='/home/abhiramk')
21:56:14.941 [MainThread] INFO    thonny: TIME/MODS 0.055 After Run 
21:56:34.681 [MainThread] INFO    thonny.running: Killing backend process
21:56:34.681 [MainThread] INFO    thonny.shell: BaseShellText._on_backend_terminated
21:56:34.681 [Thread-24 (_listen_stdout)] INFO    thonny.running: Reader got EOF
21:56:34.701 [MainThread] INFO    thonny.plugins.cpython_frontend.cp_front: Creating LocalCPythonProxy
21:56:34.702 [MainThread] INFO    thonny.running: Starting the backend: ['/usr/bin/python3', '-u', '-B', '/usr/lib/python3/dist-packages/thonny/plugins/cpython_backend/cp_launcher.py', '/home/abhiramk', "{'run.warn_module_shadowing': True}"] /home/abhiramk
21:56:34.773 [MainThread] INFO    thonny.shell: BaseShellText.restart(False)
21:56:47.729 [MainThread] INFO    thonny: TIME/MODS 32.788 Before Run 
21:56:47.734 [MainThread] INFO    thonny.running: Killing backend process
21:56:47.734 [MainThread] INFO    thonny.running: Starting the backend: ['/usr/bin/python3', '-u', '-B', '/usr/lib/python3/dist-packages/thonny/plugins/cpython_backend/cp_launcher.py', '/home/abhiramk', "{'run.warn_module_shadowing': True}"] /home/abhiramk
21:56:47.735 [Thread-26 (_listen_stdout)] INFO    thonny.running: Reader got EOF
21:56:47.819 [MainThread] INFO    thonny.running: Prepared clean state for executing ToplevelCommand(args=['-c'], args_str='-c $EDITOR_CONTENT', cmd_line='%Run -c $EDITOR_CONTENT', tty_mode=True, source='SENTINEL = 1\nuser_input = input("what number:")\nwhile user_input != SENTINEL:\n    ', name='Run', argv=[], id='cmd_135', local_cwd='/home/abhiramk')
21:56:47.820 [MainThread] INFO    thonny: TIME/MODS 0.091 After Run 
21:57:05.206 [MainThread] INFO    thonny: TIME/MODS 17.386 Before Run 
21:57:05.210 [MainThread] INFO    thonny.running: Killing backend process
21:57:05.210 [MainThread] INFO    thonny.running: Starting the backend: ['/usr/bin/python3', '-u', '-B', '/usr/lib/python3/dist-packages/thonny/plugins/cpython_backend/cp_launcher.py', '/home/abhiramk', "{'run.warn_module_shadowing': True}"] /home/abhiramk
21:57:05.215 [Thread-28 (_listen_stdout)] INFO    thonny.running: Reader got EOF
21:57:05.300 [MainThread] INFO    thonny.running: Prepared clean state for executing ToplevelCommand(args=['-c'], args_str='-c $EDITOR_CONTENT', cmd_line='%Run -c $EDITOR_CONTENT', tty_mode=True, source='SENTINEL = 1\nuser_input = input("what number:")\nwhile user_input != SENTINEL:\n    print("h")', name='Run', argv=[], id='cmd_147', local_cwd='/home/abhiramk')
21:57:05.302 [MainThread] INFO    thonny: TIME/MODS 0.096 After Run 
21:57:22.362 [MainThread] INFO    thonny.running: Killing backend process
21:57:22.362 [MainThread] INFO    thonny.shell: BaseShellText._on_backend_terminated
21:57:22.382 [MainThread] INFO    thonny.plugins.cpython_frontend.cp_front: Creating LocalCPythonProxy
21:57:22.382 [MainThread] INFO    thonny.running: Starting the backend: ['/usr/bin/python3', '-u', '-B', '/usr/lib/python3/dist-packages/thonny/plugins/cpython_backend/cp_launcher.py', '/home/abhiramk', "{'run.warn_module_shadowing': True}"] /home/abhiramk
21:57:22.452 [MainThread] INFO    thonny.shell: BaseShellText.restart(False)
21:57:23.569 [MainThread] INFO    thonny: TIME/MODS 18.267 Before Run 
21:57:23.572 [MainThread] INFO    thonny.running: Killing backend process
21:57:23.573 [MainThread] INFO    thonny.running: Starting the backend: ['/usr/bin/python3', '-u', '-B', '/usr/lib/python3/dist-packages/thonny/plugins/cpython_backend/cp_launcher.py', '/home/abhiramk', "{'run.warn_module_shadowing': True}"] /home/abhiramk
21:57:23.574 [Thread-32 (_listen_stdout)] INFO    thonny.running: Reader got EOF
21:57:23.624 [MainThread] INFO    thonny.running: Prepared clean state for executing ToplevelCommand(args=['-c'], args_str='-c $EDITOR_CONTENT', cmd_line='%Run -c $EDITOR_CONTENT', tty_mode=True, source='SENTINEL = 1\nuser_input = input("what number:")\nwhile user_input != SENTINEL:\n    print("h")\n    break\n', name='Run', argv=[], id='cmd_148', local_cwd='/home/abhiramk')
21:57:23.625 [MainThread] INFO    thonny: TIME/MODS 0.057 After Run 
21:59:03.360 [MainThread] INFO    thonny: TIME/MODS 99.734 Before Run 
21:59:03.363 [MainThread] INFO    thonny.running: Killing backend process
21:59:03.363 [MainThread] INFO    thonny.running: Starting the backend: ['/usr/bin/python3', '-u', '-B', '/usr/lib/python3/dist-packages/thonny/plugins/cpython_backend/cp_launcher.py', '/home/abhiramk', "{'run.warn_module_shadowing': True}"] /home/abhiramk
21:59:03.367 [Thread-34 (_listen_stdout)] INFO    thonny.running: Reader got EOF
21:59:03.452 [MainThread] INFO    thonny.running: Prepared clean state for executing ToplevelCommand(args=['-c'], args_str='-c $EDITOR_CONTENT', cmd_line='%Run -c $EDITOR_CONTENT', tty_mode=True, source='SENTINEL = 1\nuser_input = input("what number:")\nwhile user_input != SENTINEL:\n    print(user_input)\n    break\n', name='Run', argv=[], id='cmd_159', local_cwd='/home/abhiramk')
21:59:03.454 [MainThread] INFO    thonny: TIME/MODS 0.094 After Run 
21:59:09.910 [MainThread] INFO    thonny: TIME/MODS 6.456 Before Run 
21:59:09.913 [MainThread] INFO    thonny.running: Killing backend process
21:59:09.914 [MainThread] INFO    thonny.running: Starting the backend: ['/usr/bin/python3', '-u', '-B', '/usr/lib/python3/dist-packages/thonny/plugins/cpython_backend/cp_launcher.py', '/home/abhiramk', "{'run.warn_module_shadowing': True}"] /home/abhiramk
21:59:09.915 [Thread-36 (_listen_stdout)] INFO    thonny.running: Reader got EOF
21:59:09.983 [MainThread] INFO    thonny.running: Prepared clean state for executing ToplevelCommand(args=['-c'], args_str='-c $EDITOR_CONTENT', cmd_line='%Run -c $EDITOR_CONTENT', tty_mode=True, source='SENTINEL = 1\nuser_input = input("what number:")\nwhile user_input != SENTINEL:\n    print(user_input)\n    break\n', name='Run', argv=[], id='cmd_160', local_cwd='/home/abhiramk')
21:59:09.985 [MainThread] INFO    thonny: TIME/MODS 0.075 After Run 
22:00:11.395 [MainThread] INFO    thonny: TIME/MODS 61.410 Before Run 
22:00:11.398 [MainThread] INFO    thonny.running: Killing backend process
22:00:11.399 [MainThread] INFO    thonny.running: Starting the backend: ['/usr/bin/python3', '-u', '-B', '/usr/lib/python3/dist-packages/thonny/plugins/cpython_backend/cp_launcher.py', '/home/abhiramk', "{'run.warn_module_shadowing': True}"] /home/abhiramk
22:00:11.401 [Thread-38 (_listen_stdout)] INFO    thonny.running: Reader got EOF
22:00:11.488 [MainThread] INFO    thonny.running: Prepared clean state for executing ToplevelCommand(args=['-c'], args_str='-c $EDITOR_CONTENT', cmd_line='%Run -c $EDITOR_CONTENT', tty_mode=True, source='SENTINEL = 1\nuser_input = input("what number:")\nprint(user_input)\nwhile user_input != SENTINEL:\n    print(user_input)\n    break\n', name='Run', argv=[], id='cmd_166', local_cwd='/home/abhiramk')
22:00:11.489 [MainThread] INFO    thonny: TIME/MODS 0.094 After Run 
22:00:16.849 [MainThread] INFO    thonny: TIME/MODS 5.360 Before Run 
22:00:16.853 [MainThread] INFO    thonny.running: Killing backend process
22:00:16.853 [MainThread] INFO    thonny.running: Starting the backend: ['/usr/bin/python3', '-u', '-B', '/usr/lib/python3/dist-packages/thonny/plugins/cpython_backend/cp_launcher.py', '/home/abhiramk', "{'run.warn_module_shadowing': True}"] /home/abhiramk
22:00:16.855 [Thread-40 (_listen_stdout)] INFO    thonny.running: Reader got EOF
22:00:16.922 [MainThread] INFO    thonny.running: Prepared clean state for executing ToplevelCommand(args=['-c'], args_str='-c $EDITOR_CONTENT', cmd_line='%Run -c $EDITOR_CONTENT', tty_mode=True, source='SENTINEL = 1\nuser_input = input("what number:")\nprint(user_input)\nwhile user_input != SENTINEL:\n    print(user_input)\n    break\n', name='Run', argv=[], id='cmd_167', local_cwd='/home/abhiramk')
22:00:16.923 [MainThread] INFO    thonny: TIME/MODS 0.074 After Run 
22:00:40.606 [MainThread] INFO    thonny: TIME/MODS 23.683 Before Run 
22:00:40.610 [MainThread] INFO    thonny.running: Killing backend process
22:00:40.610 [MainThread] INFO    thonny.running: Starting the backend: ['/usr/bin/python3', '-u', '-B', '/usr/lib/python3/dist-packages/thonny/plugins/cpython_backend/cp_launcher.py', '/home/abhiramk', "{'run.warn_module_shadowing': True}"] /home/abhiramk
22:00:40.613 [Thread-42 (_listen_stdout)] INFO    thonny.running: Reader got EOF
22:00:40.692 [MainThread] INFO    thonny.running: Prepared clean state for executing ToplevelCommand(args=['-c'], args_str='-c $EDITOR_CONTENT', cmd_line='%Run -c $EDITOR_CONTENT', tty_mode=True, source='SENTINEL=1\nuser_input = input("what number:")\nprint(user_input)\nwhile user_input != SENTINEL:\n    print(user_input)\n    break\n', name='Run', argv=[], id='cmd_173', local_cwd='/home/abhiramk')
22:00:40.694 [MainThread] INFO    thonny: TIME/MODS 0.088 After Run 
22:00:58.259 [MainThread] INFO    thonny: TIME/MODS 17.565 Before Run 
22:00:58.263 [MainThread] INFO    thonny.running: Killing backend process
22:00:58.263 [MainThread] INFO    thonny.running: Starting the backend: ['/usr/bin/python3', '-u', '-B', '/usr/lib/python3/dist-packages/thonny/plugins/cpython_backend/cp_launcher.py', '/home/abhiramk', "{'run.warn_module_shadowing': True}"] /home/abhiramk
22:00:58.264 [Thread-44 (_listen_stdout)] INFO    thonny.running: Reader got EOF
22:00:58.341 [MainThread] INFO    thonny.running: Prepared clean state for executing ToplevelCommand(args=['-c'], args_str='-c $EDITOR_CONTENT', cmd_line='%Run -c $EDITOR_CONTENT', tty_mode=True, source='SENTINEL=1\nuser_input = input("what number:")\nprint(user_input)\nwhile user_input != 1:\n    print(user_input)\n    break\n', name='Run', argv=[], id='cmd_177', local_cwd='/home/abhiramk')
22:00:58.342 [MainThread] INFO    thonny: TIME/MODS 0.083 After Run 
22:01:13.752 [MainThread] INFO    thonny: TIME/MODS 15.410 Before Run 
22:01:13.755 [MainThread] INFO    thonny.running: Killing backend process
22:01:13.756 [MainThread] INFO    thonny.running: Starting the backend: ['/usr/bin/python3', '-u', '-B', '/usr/lib/python3/dist-packages/thonny/plugins/cpython_backend/cp_launcher.py', '/home/abhiramk', "{'run.warn_module_shadowing': True}"] /home/abhiramk
22:01:13.759 [Thread-46 (_listen_stdout)] INFO    thonny.running: Reader got EOF
22:01:13.838 [MainThread] INFO    thonny.running: Prepared clean state for executing ToplevelCommand(args=['-c'], args_str='-c $EDITOR_CONTENT', cmd_line='%Run -c $EDITOR_CONTENT', tty_mode=True, source='SENTINEL=1\nuser_input = input("what number:")\nprint(user_input)\nwhile (user_input != 1):\n    print(user_input)\n    break\n', name='Run', argv=[], id='cmd_186', local_cwd='/home/abhiramk')
22:01:13.840 [MainThread] INFO    thonny: TIME/MODS 0.088 After Run 
22:02:18.965 [MainThread] INFO    thonny: TIME/MODS 65.125 Before Run 
22:02:18.968 [MainThread] INFO    thonny.running: Killing backend process
22:02:18.968 [MainThread] INFO    thonny.running: Starting the backend: ['/usr/bin/python3', '-u', '-B', '/usr/lib/python3/dist-packages/thonny/plugins/cpython_backend/cp_launcher.py', '/home/abhiramk', "{'run.warn_module_shadowing': True}"] /home/abhiramk
22:02:18.970 [Thread-48 (_listen_stdout)] INFO    thonny.running: Reader got EOF
22:02:19.035 [MainThread] INFO    thonny.running: Prepared clean state for executing ToplevelCommand(args=['-c'], args_str='-c $EDITOR_CONTENT', cmd_line='%Run -c $EDITOR_CONTENT', tty_mode=True, source='SENTINEL=2\nuser_input = input("what number:")\nprint(user_input)\nwhile (user_input == SENTINEL):\n    print(user_input)\n    break\n', name='Run', argv=[], id='cmd_196', local_cwd='/home/abhiramk')
22:02:19.037 [MainThread] INFO    thonny: TIME/MODS 0.072 After Run 
22:02:36.656 [MainThread] INFO    thonny: TIME/MODS 17.619 Before Run 
22:02:36.659 [MainThread] INFO    thonny.running: Killing backend process
22:02:36.659 [MainThread] INFO    thonny.running: Starting the backend: ['/usr/bin/python3', '-u', '-B', '/usr/lib/python3/dist-packages/thonny/plugins/cpython_backend/cp_launcher.py', '/home/abhiramk', "{'run.warn_module_shadowing': True}"] /home/abhiramk
22:02:36.661 [Thread-50 (_listen_stdout)] INFO    thonny.running: Reader got EOF
22:02:36.734 [MainThread] INFO    thonny.running: Prepared clean state for executing ToplevelCommand(args=['-c'], args_str='-c $EDITOR_CONTENT', cmd_line='%Run -c $EDITOR_CONTENT', tty_mode=True, source='SENTINEL=2\nuser_input = input("what number:")\nprint(user_input)\nwhile (user_input == SENTINEL):\n    print(user_input)\n    break\n', name='Run', argv=[], id='cmd_197', local_cwd='/home/abhiramk')
22:02:36.735 [MainThread] INFO    thonny: TIME/MODS 0.080 After Run 
